2019-07-18 08:14:45,083 - INFO - Listando os alunos
2019-12-06 09:48:16,946 - INFO - Cadastrando o aluno
2019-12-06 09:48:17,142 - INFO - Aluno cadastrado com sucesso.
2019-12-06 09:51:32,715 - INFO - Cadastrando o endereco
2019-12-06 09:51:32,951 - INFO - Endereço cadastrado com sucesso.
2019-12-06 09:52:39,572 - INFO - Cadastrando a disciplina
2019-12-06 09:52:39,765 - INFO - Disciplina cadastrada com sucesso.
2019-12-06 09:56:28,006 - INFO - Cadastrando o turno
2019-12-06 09:56:28,068 - INFO - Turno cadastrado com sucesso.
2019-12-06 10:03:29,458 - INFO - Cadastrando o professor
2019-12-06 10:03:29,673 - INFO - Professor cadastrado com sucesso.
2019-12-06 10:05:25,011 - INFO - Cadastrando a escola
2019-12-06 10:05:25,204 - INFO - Escola cadastrada com sucesso.
2019-12-06 10:10:39,498 - INFO - Cadastrando a turma
2019-12-06 10:10:39,499 - ERROR - Aconteceu um erro.
2019-12-06 10:10:39,500 - ERROR - Exceção: 'id_curso'
2019-12-06 10:11:43,352 - INFO - Cadastrando a turma
2019-12-06 10:11:43,352 - ERROR - Aconteceu um erro.
2019-12-06 10:11:43,352 - ERROR - Exceção: name 'fk_id_curso' is not defined
2019-12-06 10:11:43,353 - INFO - Turma cadastrada com sucesso.
2019-12-06 10:15:00,613 - INFO - Cadastrando o curso
2019-12-06 10:15:00,613 - ERROR - Aconteceu um erro.
2019-12-06 10:15:00,613 - ERROR - Exceção: 'id_turno'
2019-12-06 10:26:00,326 - INFO - Cadastrando o curso
2019-12-06 10:26:00,326 - ERROR - Aconteceu um erro.
2019-12-06 10:26:00,326 - ERROR - Exceção: 'id_turno'
2019-12-06 10:27:59,134 - INFO - Cadastrando o curso
2019-12-06 10:27:59,335 - INFO - Curso cadastrado com sucesso.
2019-12-06 10:35:56,072 - INFO - Cadastrando o campus
2019-12-06 10:35:56,268 - INFO - Campus cadastrado com sucesso.
2019-12-06 10:39:46,769 - INFO - Cadastrando a turma
2019-12-06 10:39:46,770 - ERROR - Aconteceu um erro.
2019-12-06 10:39:46,770 - ERROR - Exceção: name 'fk_id_curso' is not defined
2019-12-06 10:39:46,770 - INFO - Turma cadastrada com sucesso.
2019-12-10 07:33:23,606 - INFO - Cadastrando a turma
2019-12-10 07:33:23,629 - ERROR - Aconteceu um erro.
2019-12-10 07:33:23,629 - ERROR - Exceção: name 'fk_id_curso' is not defined
2019-12-10 07:33:23,630 - INFO - Turma cadastrada com sucesso.
2019-12-10 07:35:07,690 - INFO - Cadastrando a turma
2019-12-10 07:35:07,690 - ERROR - Aconteceu um erro.
2019-12-10 07:35:07,690 - ERROR - Exceção: name 'fk_id_curso' is not defined
2019-12-10 07:35:07,690 - INFO - Turma cadastrada com sucesso.
2019-12-10 07:36:14,245 - INFO - Cadastrando a turma
2019-12-10 07:36:14,245 - ERROR - Aconteceu um erro.
2019-12-10 07:36:14,245 - ERROR - Exceção: name 'fk_id_curso' is not defined
2019-12-10 07:36:14,245 - INFO - Turma cadastrada com sucesso.
2019-12-10 07:44:51,536 - INFO - Cadastrando a turma
2019-12-10 07:44:51,537 - ERROR - Aconteceu um erro.
2019-12-10 07:44:51,537 - ERROR - Exceção: name 'fk_id_curso' is not defined
2019-12-10 07:44:51,537 - INFO - Turma cadastrada com sucesso.
2019-12-10 07:45:56,291 - INFO - Cadastrando a turma
2019-12-10 07:45:56,292 - ERROR - Aconteceu um erro.
2019-12-10 07:45:56,292 - ERROR - Exceção: name 'fk_id_curso' is not defined
2019-12-10 07:45:56,292 - INFO - Turma cadastrada com sucesso.
2019-12-10 07:46:35,740 - INFO - Cadastrando a disciplina
2019-12-10 07:46:35,930 - INFO - Disciplina cadastrada com sucesso.
2019-12-10 07:49:31,429 - INFO - Cadastrando a turma
2019-12-10 07:49:31,432 - ERROR - Aconteceu um erro.
2019-12-10 07:49:31,432 - ERROR - Exceção: name 'fk_id_curso' is not defined
2019-12-10 07:49:31,432 - INFO - Turma cadastrada com sucesso.
2019-12-10 07:51:04,758 - INFO - Cadastrando a turma
2019-12-10 07:51:04,758 - ERROR - Aconteceu um erro.
2019-12-10 07:51:04,758 - ERROR - Exceção: name 'fk_id_curso' is not defined
2019-12-10 07:51:04,759 - INFO - Turma cadastrada com sucesso.
2019-12-10 07:51:47,557 - INFO - Cadastrando a turma
2019-12-10 07:51:47,557 - ERROR - Aconteceu um erro.
2019-12-10 07:51:47,557 - ERROR - Exceção: name 'fk_id_curso' is not defined
2019-12-10 07:51:47,558 - INFO - Turma cadastrada com sucesso.
2019-12-10 07:53:06,723 - INFO - Cadastrando a turma
2019-12-10 07:53:06,724 - ERROR - Aconteceu um erro.
2019-12-10 07:53:06,724 - ERROR - Exceção: name 'fk_id_curso' is not defined
2019-12-10 07:53:06,724 - INFO - Turma cadastrada com sucesso.
2019-12-10 07:57:14,968 - INFO - Cadastrando a turma
2019-12-10 07:57:14,968 - ERROR - Aconteceu um erro.
2019-12-10 07:57:14,968 - ERROR - Exceção: name 'fk_id_curso' is not defined
2019-12-10 07:57:14,969 - INFO - Turma cadastrada com sucesso.
2019-12-10 07:59:19,375 - INFO - Cadastrando a turma
2019-12-10 07:59:19,375 - ERROR - Aconteceu um erro.
2019-12-10 07:59:19,376 - ERROR - Exceção: name 'fk_id_curso' is not defined
2019-12-10 07:59:19,376 - INFO - Turma cadastrada com sucesso.
2019-12-10 08:00:24,634 - INFO - Cadastrando a turma
2019-12-10 08:00:24,751 - INFO - Turma cadastrada com sucesso.
2019-12-10 08:37:50,146 - INFO - Cadastrando o aluno
2019-12-10 08:37:50,365 - INFO - Aluno cadastrado com sucesso.
2019-12-10 08:43:24,202 - INFO - Cadastrando o aluno
2019-12-10 08:43:24,456 - INFO - Aluno cadastrado com sucesso.
2019-12-10 08:45:07,086 - INFO - Cadastrando o aluno
2019-12-10 08:45:07,279 - INFO - Aluno cadastrado com sucesso.
2019-12-10 10:41:43,348 - INFO - Cadastrando o aluno
2019-12-10 10:41:43,509 - INFO - Aluno cadastrado com sucesso.
2019-12-10 10:48:51,117 - INFO - Cadastrando o aluno
2019-12-10 10:48:51,329 - INFO - Aluno cadastrado com sucesso.
2019-12-10 13:25:32,489 - INFO - Cadastrando o aluno
2019-12-10 13:25:32,655 - INFO - Aluno cadastrado com sucesso.
2019-12-11 09:13:33,134 - INFO - Cadastrando o aluno
2019-12-11 09:13:33,348 - INFO - Aluno cadastrado com sucesso.
2019-12-12 11:09:07,180 - INFO - Cadastrando o aluno
2019-12-12 11:09:07,359 - INFO - Aluno cadastrado com sucesso.
2019-12-12 11:09:36,641 - INFO - Cadastrando o endereco
2019-12-12 11:09:36,824 - INFO - Endereço cadastrado com sucesso.
2019-12-12 11:10:33,971 - INFO - Cadastrando o endereco
2019-12-12 11:10:34,191 - INFO - Endereço cadastrado com sucesso.
2019-12-12 11:10:58,398 - INFO - Cadastrando a escola
2019-12-12 11:10:58,605 - INFO - Escola cadastrada com sucesso.
2019-12-12 11:11:19,038 - INFO - Cadastrando o professor
2019-12-12 11:11:19,204 - INFO - Professor cadastrado com sucesso.
2019-12-12 11:12:07,001 - INFO - Cadastrando o turno
2019-12-12 11:12:07,203 - INFO - Turno cadastrado com sucesso.
2019-12-12 11:12:32,221 - INFO - Cadastrando o curso
2019-12-12 11:12:32,311 - INFO - Curso cadastrado com sucesso.
2019-12-12 11:12:55,343 - INFO - Cadastrando a disciplina
2019-12-12 11:12:55,560 - INFO - Disciplina cadastrada com sucesso.
2019-12-12 11:13:12,401 - INFO - Cadastrando a turma
2019-12-12 11:13:12,502 - INFO - Turma cadastrada com sucesso.
2019-12-12 11:37:46,842 - INFO - Cadastrando o campus
2019-12-12 11:37:47,034 - INFO - Campus cadastrado com sucesso.
2019-12-12 11:39:23,215 - INFO - Cadastrando o campus
2019-12-12 11:39:23,431 - INFO - Campus cadastrado com sucesso.
2019-12-12 11:48:56,614 - INFO - Cadastrando o campus
2019-12-12 11:48:56,698 - INFO - Campus cadastrado com sucesso.
2019-12-12 11:56:00,850 - INFO - Listando os campus
2019-12-12 11:56:15,920 - INFO - Listando os campus
2019-12-12 11:56:30,711 - INFO - Listando os campus
2019-12-12 11:57:38,331 - INFO - Listando os campus
2019-12-12 11:57:40,816 - INFO - Listando os campus
2019-12-12 11:59:13,866 - INFO - Listando os campus
2019-12-12 11:59:56,281 - INFO - Listando os campus
2019-12-12 12:00:47,583 - INFO - Listando os campus
2019-12-12 12:06:12,338 - INFO - Listando os campi.
2019-12-12 12:06:17,069 - INFO - Listando os campi.
2019-12-12 12:06:18,638 - INFO - Listando os campi.
2019-12-12 12:06:20,153 - INFO - Listando os campi.
2019-12-12 12:06:21,960 - INFO - Listando os campi.
2019-12-12 12:07:37,442 - INFO - Listando os campi.
2019-12-12 12:07:40,088 - INFO - Listando os campi.
2019-12-12 12:07:47,951 - INFO - Listando os campi.
2019-12-12 12:07:49,841 - INFO - Listando os campi.
2019-12-12 12:13:57,676 - INFO - Listando os alunos
2019-12-12 12:14:00,301 - INFO - Listando os alunos
2019-12-12 12:14:04,022 - INFO - Listando os alunos
2019-12-12 12:14:09,595 - INFO - Listando os alunos
2019-12-12 12:14:22,341 - INFO - Listando os alunos
2019-12-12 12:16:19,359 - INFO - Listando os alunos
2019-12-12 12:16:21,777 - INFO - Listando os alunos
2019-12-12 12:17:34,643 - INFO - Listando os alunos
2019-12-12 12:51:37,927 - INFO - Cadastrando o turno
2019-12-12 12:51:38,057 - INFO - Turno cadastrado com sucesso.
2019-12-12 12:58:24,587 - INFO - Cadastrando o endereco
2019-12-12 12:58:24,822 - INFO - Endereço cadastrado com sucesso.
2019-12-12 13:07:34,520 - INFO - Listando os campi.
2019-12-12 13:07:38,876 - INFO - Listando os campi.
2019-12-12 13:08:20,497 - INFO - Listando os alunos
2019-12-12 13:14:36,520 - INFO - Listando endereços
2019-12-12 13:14:49,680 - INFO - Listando endereços
2019-12-12 13:14:51,066 - INFO - Listando endereços
2019-12-12 13:14:52,538 - INFO - Listando endereços
2019-12-12 13:14:53,570 - INFO - Listando endereços
2019-12-12 13:15:16,722 - INFO - Listando endereços
2019-12-12 13:18:15,196 - INFO - Listando escolas
2019-12-12 13:18:53,503 - INFO - Listando escolas
2019-12-12 13:21:03,969 - INFO - Listando os professores
2019-12-12 13:21:14,857 - INFO - Listando os campi.
2019-12-12 13:22:23,054 - INFO - Listando turnos
2019-12-12 13:22:26,015 - INFO - Listando turnos
2019-12-12 13:23:20,337 - INFO - Listando turnos
2019-12-12 13:24:30,009 - INFO - Listando os cursos
2019-12-12 13:24:32,780 - INFO - Listando os cursos
2019-12-12 13:24:34,203 - INFO - Listando os cursos
2019-12-12 13:25:28,407 - INFO - Listando as disciplinas
2019-12-12 13:27:29,298 - INFO - Listando as turmas
2019-12-12 13:27:46,461 - INFO - Cadastrando a turma
2019-12-12 13:27:46,534 - INFO - Turma cadastrada com sucesso.
2019-12-12 13:28:33,319 - INFO - Cadastrando a disciplina
2019-12-12 13:28:33,448 - INFO - Disciplina cadastrada com sucesso.
2019-12-12 13:30:03,334 - INFO - Cadastrando o curso
2019-12-12 13:30:03,664 - INFO - Curso cadastrado com sucesso.
2019-12-12 13:31:27,061 - INFO - Cadastrando o turno
2019-12-12 13:31:27,308 - INFO - Turno cadastrado com sucesso.
2019-12-12 13:31:57,088 - INFO - Cadastrando o campus
2019-12-12 13:31:57,277 - INFO - Campus cadastrado com sucesso.
2019-12-12 13:32:23,423 - INFO - Cadastrando o professor
2019-12-12 13:32:23,643 - INFO - Professor cadastrado com sucesso.
2019-12-12 13:32:45,797 - INFO - Cadastrando a escola
2019-12-12 13:32:45,992 - INFO - Escola cadastrada com sucesso.
2019-12-12 13:33:19,002 - INFO - Cadastrando o endereco
2019-12-12 13:33:19,191 - INFO - Endereço cadastrado com sucesso.
2019-12-12 13:33:59,209 - INFO - Cadastrando o aluno
2019-12-12 13:33:59,401 - INFO - Aluno cadastrado com sucesso.
